USD PRICES ARE NULL AND TRADE SHOULD NOT HAPPEN 1507518323221
undefined 1507518326612
new eth price 306.96 1507518326612
undefined 1507518326612
new btc price 4616.87 1507518326612
coin 1st is {"btcBuy":1.0014776631724416,"ethBuy":0.985839772412709} 1507518329222
coin mgo is {"btcBuy":1.00039352956469,"ethBuy":0.992849247913946} 1507518329222
coin sngls is {"btcBuy":1.000348688440192,"ethBuy":0.9889247766922773} 1507518329222
coin snm is {"btcBuy":1.0007638306996414,"ethBuy":0.9870366024751747} 1507518329222
coin adx is {"btcBuy":1.0027923572829807,"ethBuy":0.9865932011911926} 1507518329222
coin omg is {"btcBuy":1.0023447529517748,"ethBuy":0.9889775896717479} 1507518329222
coin cvc is {"btcBuy":1.0003074794742282,"ethBuy":0.98959002594239} 1507518329222
coin stx is {"btcBuy":1.002452775842429,"ethBuy":0.9932220970855189} 1507518329222
coin zrx is {"btcBuy":1.0024529076479956,"ethBuy":0.9673867133993681} 1507518329222
coin 1st is {"btcBuy":1.0014776631724416,"ethBuy":0.9856861430263271} 1507518334773
coin mgo is {"btcBuy":1.00039352956469,"ethBuy":0.992849247913946} 1507518334773
coin sngls is {"btcBuy":1.000348688440192,"ethBuy":0.9889247766922773} 1507518334773
coin snm is {"btcBuy":1.0007638306996414,"ethBuy":0.9870366024751747} 1507518334773
coin adx is {"btcBuy":1.0037483536195866,"ethBuy":0.9866403029386} 1507518334773
coin omg is {"btcBuy":1.0023447529517748,"ethBuy":0.9889775896717479} 1507518334773
coin cvc is {"btcBuy":1.0003074794742282,"ethBuy":0.98959002594239} 1507518334773
coin stx is {"btcBuy":1.002452775842429,"ethBuy":0.9932220970855189} 1507518334773
coin zrx is {"btcBuy":1.0024529076479956,"ethBuy":0.9678761577269164} 1507518334773
undefined 1507518336510
new eth price 306.96 1507518336510
undefined 1507518336564
new btc price 4616.87 1507518336564
coin 1st is {"btcBuy":1.0014776631724416,"ethBuy":0.9855325136399451} 1507518340791
coin mgo is {"btcBuy":1.00039352956469,"ethBuy":0.992849247913946} 1507518340791
coin sngls is {"btcBuy":1.000348688440192,"ethBuy":0.9889247766922773} 1507518340791
coin snm is {"btcBuy":1.0007638306996414,"ethBuy":0.9870366024751747} 1507518340791
coin adx is {"btcBuy":1.0037962012863624,"ethBuy":0.9866403029386} 1507518340791
coin omg is {"btcBuy":1.0023447529517748,"ethBuy":0.9889775896717479} 1507518340791
coin cvc is {"btcBuy":1.0003074794742282,"ethBuy":0.98959002594239} 1507518340791
coin stx is {"btcBuy":1.002452775842429,"ethBuy":0.9932220970855189} 1507518340791
coin zrx is {"btcBuy":1.0024529076479956,"ethBuy":0.9681208798906906} 1507518340791
